<?xml version="1.0" encoding="UTF-8"?>
<!-- Generated by org.testng.reporters.JUnitReportReporter -->
<testsuite hostname="DESKTOP-GV2C5M4" failures="0" tests="1" name="tests.SeleniumEasyTests" time="9.638" errors="0" timestamp="2021-05-29T15:56:15 EDT" skipped="0">
  <testcase classname="tests.SeleniumEasyTests" name="thirdAlertTest" time="9.638"/>
  <system-out/>
</testsuite> <!-- tests.SeleniumEasyTests -->
