<?xml version="1.0" encoding="UTF-8"?>
<!-- Generated by org.testng.reporters.JUnitReportReporter -->
<testsuite hostname="DESKTOP-GV2C5M4" failures="0" tests="5" name="tests.AmazonSearchDataDrivenTest" time="52.439" errors="0" timestamp="2021-06-08T01:06:22 EDT" skipped="0">
  <testcase classname="tests.AmazonSearchDataDrivenTest" name="test" time="11.304"/>
  <system-out/>
  <testcase classname="tests.AmazonSearchDataDrivenTest" name="test" time="9.842"/>
  <system-out/>
  <testcase classname="tests.AmazonSearchDataDrivenTest" name="test" time="10.207"/>
  <system-out/>
  <testcase classname="tests.AmazonSearchDataDrivenTest" name="test" time="11.316"/>
  <system-out/>
  <testcase classname="tests.AmazonSearchDataDrivenTest" name="test" time="9.770"/>
  <system-out/>
</testsuite> <!-- tests.AmazonSearchDataDrivenTest -->
